Analysis & Synthesis report for RISCV_tb
Tue Jul  5 16:36:47 2022
Quartus Prime Version 19.1.0 Build 670 09/22/2019 SJ Standard Edition


---------------------
; Table of Contents ;
---------------------
  1. Legal Notice
  2. Analysis & Synthesis Summary
  3. Analysis & Synthesis Settings
  4. Parallel Compilation
  5. Analysis & Synthesis Messages



----------------
; Legal Notice ;
----------------
Copyright (C) 2019  Intel Corporation. All rights reserved.
Your use of Intel Corporation's design tools, logic functions 
and other software and tools, and any partner logic 
functions, and any output files from any of the foregoing 
(including device programming or simulation files), and any 
associated documentation or information are expressly subject 
to the terms and conditions of the Intel Program License 
Subscription Agreement, the Intel Quartus Prime License Agreement,
the Intel FPGA IP License Agreement, or other applicable license
agreement, including, without limitation, that your use is for
the sole purpose of programming logic devices manufactured by
Intel and sold by Intel or its authorized distributors.  Please
refer to the applicable agreement for further details, at
https://fpgasoftware.intel.com/eula.



+-------------------------------------------------------------------------------+
; Analysis & Synthesis Summary                                                  ;
+-----------------------------+-------------------------------------------------+
; Analysis & Synthesis Status ; Failed - Tue Jul  5 16:36:47 2022               ;
; Quartus Prime Version       ; 19.1.0 Build 670 09/22/2019 SJ Standard Edition ;
; Revision Name               ; RISCV_tb                                        ;
; Top-level Entity Name       ; RISCV_tb                                        ;
; Family                      ; Cyclone V                                       ;
; Logic utilization (in ALMs) ; N/A until Partition Merge                       ;
; Total registers             ; N/A until Partition Merge                       ;
; Total pins                  ; N/A until Partition Merge                       ;
; Total virtual pins          ; N/A until Partition Merge                       ;
; Total block memory bits     ; N/A until Partition Merge                       ;
; Total PLLs                  ; N/A until Partition Merge                       ;
; Total DLLs                  ; N/A until Partition Merge                       ;
+-----------------------------+-------------------------------------------------+


+---------------------------------------------------------------------------------------------------------------------------+
; Analysis & Synthesis Settings                                                                                             ;
+---------------------------------------------------------------------------------+--------------------+--------------------+
; Option                                                                          ; Setting            ; Default Value      ;
+---------------------------------------------------------------------------------+--------------------+--------------------+
; Device                                                                          ; 5cgxfc5c6f27c7     ;                    ;
; Top-level entity name                                                           ; RISCV_tb           ; RISCV_tb           ;
; Family name                                                                     ; cyclone v          ; Cyclone V          ;
; Use smart compilation                                                           ; Off                ; Off                ;
; Enable parallel Assembler and Timing Analyzer during compilation                ; On                 ; On                 ;
; Enable compact report table                                                     ; Off                ; Off                ;
; Restructure Multiplexers                                                        ; Auto               ; Auto               ;
; MLAB Add Timing Constraints For Mixed-Port Feed-Through Mode Setting Don't Care ; Off                ; Off                ;
; Create Debugging Nodes for IP Cores                                             ; Off                ; Off                ;
; Preserve fewer node names                                                       ; On                 ; On                 ;
; Intel FPGA IP Evaluation Mode                                                   ; Enable             ; Enable             ;
; Verilog Version                                                                 ; Verilog_2001       ; Verilog_2001       ;
; VHDL Version                                                                    ; VHDL_1993          ; VHDL_1993          ;
; State Machine Processing                                                        ; Auto               ; Auto               ;
; Safe State Machine                                                              ; Off                ; Off                ;
; Extract Verilog State Machines                                                  ; On                 ; On                 ;
; Extract VHDL State Machines                                                     ; On                 ; On                 ;
; Ignore Verilog initial constructs                                               ; Off                ; Off                ;
; Iteration limit for constant Verilog loops                                      ; 5000               ; 5000               ;
; Iteration limit for non-constant Verilog loops                                  ; 250                ; 250                ;
; Add Pass-Through Logic to Inferred RAMs                                         ; On                 ; On                 ;
; Infer RAMs from Raw Logic                                                       ; On                 ; On                 ;
; Parallel Synthesis                                                              ; On                 ; On                 ;
; DSP Block Balancing                                                             ; Auto               ; Auto               ;
; NOT Gate Push-Back                                                              ; On                 ; On                 ;
; Power-Up Don't Care                                                             ; On                 ; On                 ;
; Remove Redundant Logic Cells                                                    ; Off                ; Off                ;
; Remove Duplicate Registers                                                      ; On                 ; On                 ;
; Ignore CARRY Buffers                                                            ; off                ; Off                ;
; Ignore CASCADE Buffers                                                          ; off                ; Off                ;
; Ignore GLOBAL Buffers                                                           ; Off                ; Off                ;
; Ignore ROW GLOBAL Buffers                                                       ; Off                ; Off                ;
; Ignore LCELL Buffers                                                            ; Off                ; Off                ;
; Ignore SOFT Buffers                                                             ; On                 ; On                 ;
; Limit AHDL Integers to 32 Bits                                                  ; Off                ; Off                ;
; Optimization Technique                                                          ; Balanced           ; Balanced           ;
; Carry Chain Length                                                              ; 70                 ; 70                 ;
; Auto Carry Chains                                                               ; On                 ; On                 ;
; Auto Open-Drain Pins                                                            ; On                 ; On                 ;
; Perform WYSIWYG Primitive Resynthesis                                           ; off                ; Off                ;
; Auto ROM Replacement                                                            ; On                 ; On                 ;
; Auto RAM Replacement                                                            ; On                 ; On                 ;
; Auto DSP Block Replacement                                                      ; On                 ; On                 ;
; Auto Shift Register Replacement                                                 ; Auto               ; Auto               ;
; Allow Shift Register Merging across Hierarchies                                 ; Auto               ; Auto               ;
; Auto Clock Enable Replacement                                                   ; On                 ; On                 ;
; Strict RAM Replacement                                                          ; Off                ; Off                ;
; Allow Synchronous Control Signals                                               ; On                 ; On                 ;
; Force Use of Synchronous Clear Signals                                          ; Off                ; Off                ;
; Auto Resource Sharing                                                           ; Off                ; Off                ;
; Allow Any RAM Size For Recognition                                              ; Off                ; Off                ;
; Allow Any ROM Size For Recognition                                              ; Off                ; Off                ;
; Allow Any Shift Register Size For Recognition                                   ; Off                ; Off                ;
; Use LogicLock Constraints during Resource Balancing                             ; On                 ; On                 ;
; Ignore translate_off and synthesis_off directives                               ; Off                ; Off                ;
; Timing-Driven Synthesis                                                         ; On                 ; On                 ;
; Report Parameter Settings                                                       ; On                 ; On                 ;
; Report Source Assignments                                                       ; On                 ; On                 ;
; Report Connectivity Checks                                                      ; On                 ; On                 ;
; Ignore Maximum Fan-Out Assignments                                              ; Off                ; Off                ;
; Synchronization Register Chain Length                                           ; 3                  ; 3                  ;
; Power Optimization During Synthesis                                             ; Normal compilation ; Normal compilation ;
; HDL message level                                                               ; Level2             ; Level2             ;
; Suppress Register Optimization Related Messages                                 ; Off                ; Off                ;
; Number of Removed Registers Reported in Synthesis Report                        ; 5000               ; 5000               ;
; Number of Swept Nodes Reported in Synthesis Report                              ; 5000               ; 5000               ;
; Number of Inverted Registers Reported in Synthesis Report                       ; 100                ; 100                ;
; Clock MUX Protection                                                            ; On                 ; On                 ;
; Auto Gated Clock Conversion                                                     ; Off                ; Off                ;
; Block Design Naming                                                             ; Auto               ; Auto               ;
; SDC constraint protection                                                       ; Off                ; Off                ;
; Synthesis Effort                                                                ; Auto               ; Auto               ;
; Shift Register Replacement - Allow Asynchronous Clear Signal                    ; On                 ; On                 ;
; Pre-Mapping Resynthesis Optimization                                            ; Off                ; Off                ;
; Analysis & Synthesis Message Level                                              ; Medium             ; Medium             ;
; Disable Register Merging Across Hierarchies                                     ; Auto               ; Auto               ;
; Resource Aware Inference For Block RAM                                          ; On                 ; On                 ;
; Automatic Parallel Synthesis                                                    ; On                 ; On                 ;
; Partial Reconfiguration Bitstream ID                                            ; Off                ; Off                ;
+---------------------------------------------------------------------------------+--------------------+--------------------+


+------------------------------------------+
; Parallel Compilation                     ;
+----------------------------+-------------+
; Processors                 ; Number      ;
+----------------------------+-------------+
; Number detected on machine ; 4           ;
; Maximum allowed            ; 2           ;
;                            ;             ;
; Average used               ; 1.00        ;
; Maximum used               ; 1           ;
;                            ;             ;
; Usage by Processor         ; % Time Used ;
;     Processor 1            ; 100.0%      ;
+----------------------------+-------------+


+-------------------------------+
; Analysis & Synthesis Messages ;
+-------------------------------+
Info: *******************************************************************
Info: Running Quartus Prime Analysis & Synthesis
    Info: Version 19.1.0 Build 670 09/22/2019 SJ Standard Edition
    Info: Copyright (C) 2019  Intel Corporation. All rights reserved.
    Info: Your use of Intel Corporation's design tools, logic functions 
    Info: and other software and tools, and any partner logic 
    Info: functions, and any output files from any of the foregoing 
    Info: (including device programming or simulation files), and any 
    Info: associated documentation or information are expressly subject 
    Info: to the terms and conditions of the Intel Program License 
    Info: Subscription Agreement, the Intel Quartus Prime License Agreement,
    Info: the Intel FPGA IP License Agreement, or other applicable license
    Info: agreement, including, without limitation, that your use is for
    Info: the sole purpose of programming logic devices manufactured by
    Info: Intel and sold by Intel or its authorized distributors.  Please
    Info: refer to the applicable agreement for further details, at
    Info: https://fpgasoftware.intel.com/eula.
    Info: Processing started: Tue Jul  5 16:36:38 2022
Info: Command: quartus_map RISCV_tb --optimize=balanced --state_machine_encoding=auto --enable_register_retiming=off --enable_wysiwyg_resynthesis=off --ignore_carry_buffers=off --ignore_cascade_buffers=off --write_settings_files=on --family="cyclone v" --part=5cgxfc5c6f27c7
Warning (18236): Number of processors has not been specified which may cause overloading on shared machines.  Set the global assignment NUM_PARALLEL_PROCESSORS in your QSF to an appropriate value for best performance.
Info (20030): Parallel compilation is enabled and will use 2 of the 2 processors detected
Info (12021): Found 1 design units, including 1 entities, in source file /u/home/stud/flxbrggr/dev/HDS/RISCV/RISCV_lib/hdl/riscv_tb_entity.vhd
    Info (12023): Found entity 1: RISCV_tb File: /u/home/stud/flxbrggr/dev/HDS/RISCV/RISCV_lib/hdl/riscv_tb_entity.vhd Line: 13
Info (12021): Found 1 design units, including 0 entities, in source file /u/home/stud/flxbrggr/dev/HDS/RISCV/RISCV_lib/hdl/constants_pkg.vhd
    Info (12022): Found design unit 1: constants File: /u/home/stud/flxbrggr/dev/HDS/RISCV/RISCV_lib/hdl/constants_pkg.vhd Line: 13
Info (12021): Found 1 design units, including 0 entities, in source file /u/home/stud/flxbrggr/dev/HDS/RISCV/RISCV_lib/hdl/data_types_pkg.vhd
    Info (12022): Found design unit 1: data_types File: /u/home/stud/flxbrggr/dev/HDS/RISCV/RISCV_lib/hdl/data_types_pkg.vhd Line: 15
Info (12021): Found 1 design units, including 1 entities, in source file /u/home/stud/flxbrggr/dev/HDS/RISCV/RISCV_lib/hdl/riscv_entity.vhd
    Info (12023): Found entity 1: riscv File: /u/home/stud/flxbrggr/dev/HDS/RISCV/RISCV_lib/hdl/riscv_entity.vhd Line: 15
Info (12021): Found 1 design units, including 0 entities, in source file /u/home/stud/flxbrggr/dev/HDS/RISCV/RISCV_lib/hdl/ISA_pkg.vhd
    Info (12022): Found design unit 1: ISA File: /u/home/stud/flxbrggr/dev/HDS/RISCV/RISCV_lib/hdl/ISA_pkg.vhd Line: 12
Info (12021): Found 1 design units, including 1 entities, in source file /u/home/stud/flxbrggr/dev/HDS/RISCV/RISCV_lib/hdl/pc_reg_entity.vhd
    Info (12023): Found entity 1: pc_reg File: /u/home/stud/flxbrggr/dev/HDS/RISCV/RISCV_lib/hdl/pc_reg_entity.vhd Line: 17
Info (12021): Found 1 design units, including 0 entities, in source file /u/home/stud/flxbrggr/dev/HDS/RISCV/RISCV_lib/hdl/pc_reg_behave.vhd
    Info (12022): Found design unit 1: pc_reg-behave File: /u/home/stud/flxbrggr/dev/HDS/RISCV/RISCV_lib/hdl/pc_reg_behave.vhd Line: 15
Info (12021): Found 1 design units, including 1 entities, in source file /u/home/stud/flxbrggr/dev/HDS/RISCV/RISCV_lib/hdl/im_entity.vhd
    Info (12023): Found entity 1: im File: /u/home/stud/flxbrggr/dev/HDS/RISCV/RISCV_lib/hdl/im_entity.vhd Line: 17
Info (12021): Found 1 design units, including 0 entities, in source file /u/home/stud/flxbrggr/dev/HDS/RISCV/RISCV_lib/hdl/IM_behav.vhd
    Info (12022): Found design unit 1: im-behav File: /u/home/stud/flxbrggr/dev/HDS/RISCV/RISCV_lib/hdl/IM_behav.vhd Line: 15
Info (12021): Found 1 design units, including 1 entities, in source file /u/home/stud/flxbrggr/dev/HDS/RISCV/RISCV_lib/hdl/me_reg_entity.vhd
    Info (12023): Found entity 1: me_reg File: /u/home/stud/flxbrggr/dev/HDS/RISCV/RISCV_lib/hdl/me_reg_entity.vhd Line: 17
Info (12021): Found 1 design units, including 0 entities, in source file /u/home/stud/flxbrggr/dev/HDS/RISCV/RISCV_lib/hdl/me_reg_behave.vhd
    Info (12022): Found design unit 1: me_reg-behave File: /u/home/stud/flxbrggr/dev/HDS/RISCV/RISCV_lib/hdl/me_reg_behave.vhd Line: 15
Info (12021): Found 1 design units, including 1 entities, in source file /u/home/stud/flxbrggr/dev/HDS/RISCV/RISCV_lib/hdl/mux_alu_entity.vhd
    Info (12023): Found entity 1: mux_alu File: /u/home/stud/flxbrggr/dev/HDS/RISCV/RISCV_lib/hdl/mux_alu_entity.vhd Line: 17
Info (12021): Found 1 design units, including 0 entities, in source file /u/home/stud/flxbrggr/dev/HDS/RISCV/RISCV_lib/hdl/mux_alu_behave.vhd
    Info (12022): Found design unit 1: mux_alu-behave File: /u/home/stud/flxbrggr/dev/HDS/RISCV/RISCV_lib/hdl/mux_alu_behave.vhd Line: 10
Info (12021): Found 1 design units, including 1 entities, in source file /u/home/stud/flxbrggr/dev/HDS/RISCV/RISCV_lib/hdl/memory_entity.vhd
    Info (12023): Found entity 1: Memory File: /u/home/stud/flxbrggr/dev/HDS/RISCV/RISCV_lib/hdl/memory_entity.vhd Line: 17
Info (12021): Found 1 design units, including 0 entities, in source file /u/home/stud/flxbrggr/dev/HDS/RISCV/RISCV_lib/hdl/Memory_behav.vhd
    Info (12022): Found design unit 1: Memory-behave File: /u/home/stud/flxbrggr/dev/HDS/RISCV/RISCV_lib/hdl/Memory_behav.vhd Line: 15
Info (12021): Found 1 design units, including 1 entities, in source file /u/home/stud/flxbrggr/dev/HDS/RISCV/RISCV_lib/hdl/mux_memory_entity.vhd
    Info (12023): Found entity 1: mux_memory File: /u/home/stud/flxbrggr/dev/HDS/RISCV/RISCV_lib/hdl/mux_memory_entity.vhd Line: 17
Info (12021): Found 1 design units, including 0 entities, in source file /u/home/stud/flxbrggr/dev/HDS/RISCV/RISCV_lib/hdl/mux_memory_behav.vhd
    Info (12022): Found design unit 1: mux_memory-behav File: /u/home/stud/flxbrggr/dev/HDS/RISCV/RISCV_lib/hdl/mux_memory_behav.vhd Line: 10
Info (12021): Found 1 design units, including 1 entities, in source file /u/home/stud/flxbrggr/dev/HDS/RISCV/RISCV_lib/hdl/mux_fw_rs1_entity.vhd
    Info (12023): Found entity 1: mux_fw_rs1 File: /u/home/stud/flxbrggr/dev/HDS/RISCV/RISCV_lib/hdl/mux_fw_rs1_entity.vhd Line: 17
Info (12021): Found 1 design units, including 0 entities, in source file /u/home/stud/flxbrggr/dev/HDS/RISCV/RISCV_lib/hdl/mux_fw_rs1_behav.vhd
    Info (12022): Found design unit 1: mux_fw_rs1-behav File: /u/home/stud/flxbrggr/dev/HDS/RISCV/RISCV_lib/hdl/mux_fw_rs1_behav.vhd Line: 10
Info (12021): Found 1 design units, including 1 entities, in source file /u/home/stud/flxbrggr/dev/HDS/RISCV/RISCV_lib/hdl/mux_fw_rs2_entity.vhd
    Info (12023): Found entity 1: mux_fw_rs2 File: /u/home/stud/flxbrggr/dev/HDS/RISCV/RISCV_lib/hdl/mux_fw_rs2_entity.vhd Line: 17
Info (12021): Found 1 design units, including 0 entities, in source file /u/home/stud/flxbrggr/dev/HDS/RISCV/RISCV_lib/hdl/mux_fw_rs2_behav.vhd
    Info (12022): Found design unit 1: mux_fw_rs2-behav File: /u/home/stud/flxbrggr/dev/HDS/RISCV/RISCV_lib/hdl/mux_fw_rs2_behav.vhd Line: 10
Info (12021): Found 1 design units, including 1 entities, in source file /u/home/stud/flxbrggr/dev/HDS/RISCV/RISCV_lib/hdl/mux_fw_memory_entity.vhd
    Info (12023): Found entity 1: mux_fw_memory File: /u/home/stud/flxbrggr/dev/HDS/RISCV/RISCV_lib/hdl/mux_fw_memory_entity.vhd Line: 17
Info (12021): Found 1 design units, including 0 entities, in source file /u/home/stud/flxbrggr/dev/HDS/RISCV/RISCV_lib/hdl/mux_fw_memory_behav.vhd
    Info (12022): Found design unit 1: mux_fw_memory-behav File: /u/home/stud/flxbrggr/dev/HDS/RISCV/RISCV_lib/hdl/mux_fw_memory_behav.vhd Line: 10
Info (12021): Found 1 design units, including 1 entities, in source file /u/home/stud/flxbrggr/dev/HDS/RISCV/RISCV_lib/hdl/mux_nop_entity.vhd
    Info (12023): Found entity 1: mux_nop File: /u/home/stud/flxbrggr/dev/HDS/RISCV/RISCV_lib/hdl/mux_nop_entity.vhd Line: 17
Info (12021): Found 1 design units, including 0 entities, in source file /u/home/stud/flxbrggr/dev/HDS/RISCV/RISCV_lib/hdl/mux_nop_behav.vhd
    Info (12022): Found design unit 1: mux_nop-behav File: /u/home/stud/flxbrggr/dev/HDS/RISCV/RISCV_lib/hdl/mux_nop_behav.vhd Line: 15
Info (12021): Found 1 design units, including 1 entities, in source file /u/home/stud/flxbrggr/dev/HDS/RISCV/RISCV_lib/hdl/dbpu_entity.vhd
    Info (12023): Found entity 1: DBPU File: /u/home/stud/flxbrggr/dev/HDS/RISCV/RISCV_lib/hdl/dbpu_entity.vhd Line: 17
Info (12021): Found 1 design units, including 0 entities, in source file /u/home/stud/flxbrggr/dev/HDS/RISCV/RISCV_lib/hdl/DBPU_behav.vhd
    Info (12022): Found design unit 1: DBPU-behav File: /u/home/stud/flxbrggr/dev/HDS/RISCV/RISCV_lib/hdl/DBPU_behav.vhd Line: 10
Info (12021): Found 1 design units, including 1 entities, in source file /u/home/stud/flxbrggr/dev/HDS/RISCV/RISCV_lib/hdl/sbpu_entity.vhd
    Info (12023): Found entity 1: SBPU File: /u/home/stud/flxbrggr/dev/HDS/RISCV/RISCV_lib/hdl/sbpu_entity.vhd Line: 17
Info (12021): Found 1 design units, including 0 entities, in source file /u/home/stud/flxbrggr/dev/HDS/RISCV/RISCV_lib/hdl/SBPU_behav.vhd
    Info (12022): Found design unit 1: SBPU-behav File: /u/home/stud/flxbrggr/dev/HDS/RISCV/RISCV_lib/hdl/SBPU_behav.vhd Line: 10
Info (12021): Found 1 design units, including 1 entities, in source file /u/home/stud/flxbrggr/dev/HDS/RISCV/RISCV_lib/hdl/if_reg_entity.vhd
    Info (12023): Found entity 1: if_reg File: /u/home/stud/flxbrggr/dev/HDS/RISCV/RISCV_lib/hdl/if_reg_entity.vhd Line: 17
Info (12021): Found 1 design units, including 0 entities, in source file /u/home/stud/flxbrggr/dev/HDS/RISCV/RISCV_lib/hdl/if_reg_behav.vhd
    Info (12022): Found design unit 1: if_reg-behav File: /u/home/stud/flxbrggr/dev/HDS/RISCV/RISCV_lib/hdl/if_reg_behav.vhd Line: 13
Info (12021): Found 1 design units, including 1 entities, in source file /u/home/stud/flxbrggr/dev/HDS/RISCV/RISCV_lib/hdl/mux_bpu_entity.vhd
    Info (12023): Found entity 1: mux_bpu File: /u/home/stud/flxbrggr/dev/HDS/RISCV/RISCV_lib/hdl/mux_bpu_entity.vhd Line: 17
Info (12021): Found 1 design units, including 0 entities, in source file /u/home/stud/flxbrggr/dev/HDS/RISCV/RISCV_lib/hdl/mux_bpu_behav.vhd
    Info (12022): Found design unit 1: mux_bpu-behav File: /u/home/stud/flxbrggr/dev/HDS/RISCV/RISCV_lib/hdl/mux_bpu_behav.vhd Line: 10
Info (12021): Found 1 design units, including 1 entities, in source file /u/home/stud/flxbrggr/dev/HDS/RISCV/RISCV_lib/hdl/io_controller_entity.vhd
    Info (12023): Found entity 1: io_controller File: /u/home/stud/flxbrggr/dev/HDS/RISCV/RISCV_lib/hdl/io_controller_entity.vhd Line: 17
Info (12021): Found 1 design units, including 0 entities, in source file /u/home/stud/flxbrggr/dev/HDS/RISCV/RISCV_lib/hdl/io_controller_behave.vhd
    Info (12022): Found design unit 1: io_controller-behave File: /u/home/stud/flxbrggr/dev/HDS/RISCV/RISCV_lib/hdl/io_controller_behave.vhd Line: 10
Info (12021): Found 1 design units, including 1 entities, in source file /u/home/stud/flxbrggr/dev/HDS/RISCV/RISCV_lib/hdl/pc_inc_entity.vhd
    Info (12023): Found entity 1: pc_inc File: /u/home/stud/flxbrggr/dev/HDS/RISCV/RISCV_lib/hdl/pc_inc_entity.vhd Line: 17
Info (12021): Found 1 design units, including 0 entities, in source file /u/home/stud/flxbrggr/dev/HDS/RISCV/RISCV_lib/hdl/pc_inc_behave.vhd
    Info (12022): Found design unit 1: pc_inc-behave File: /u/home/stud/flxbrggr/dev/HDS/RISCV/RISCV_lib/hdl/pc_inc_behave.vhd Line: 13
Info (12021): Found 1 design units, including 1 entities, in source file /u/home/stud/flxbrggr/dev/HDS/RISCV/RISCV_lib/hdl/decoder_entity.vhd
    Info (12023): Found entity 1: decoder File: /u/home/stud/flxbrggr/dev/HDS/RISCV/RISCV_lib/hdl/decoder_entity.vhd Line: 17
Info (12021): Found 1 design units, including 0 entities, in source file /u/home/stud/flxbrggr/dev/HDS/RISCV/RISCV_lib/hdl/decoder_behave.vhd
    Info (12022): Found design unit 1: decoder-behave File: /u/home/stud/flxbrggr/dev/HDS/RISCV/RISCV_lib/hdl/decoder_behave.vhd Line: 11
Info (12021): Found 1 design units, including 1 entities, in source file /u/home/stud/flxbrggr/dev/HDS/RISCV/RISCV_lib/hdl/rf_entity.vhd
    Info (12023): Found entity 1: RF File: /u/home/stud/flxbrggr/dev/HDS/RISCV/RISCV_lib/hdl/rf_entity.vhd Line: 17
Info (12021): Found 1 design units, including 0 entities, in source file /u/home/stud/flxbrggr/dev/HDS/RISCV/RISCV_lib/hdl/RF_behave.vhd
    Info (12022): Found design unit 1: RF-behave File: /u/home/stud/flxbrggr/dev/HDS/RISCV/RISCV_lib/hdl/RF_behave.vhd Line: 13
Info (12021): Found 1 design units, including 1 entities, in source file /u/home/stud/flxbrggr/dev/HDS/RISCV/RISCV_lib/hdl/dec_reg_entity.vhd
    Info (12023): Found entity 1: dec_reg File: /u/home/stud/flxbrggr/dev/HDS/RISCV/RISCV_lib/hdl/dec_reg_entity.vhd Line: 17
Info (12021): Found 1 design units, including 0 entities, in source file /u/home/stud/flxbrggr/dev/HDS/RISCV/RISCV_lib/hdl/dec_reg_behave.vhd
    Info (12022): Found design unit 1: dec_reg-behave File: /u/home/stud/flxbrggr/dev/HDS/RISCV/RISCV_lib/hdl/dec_reg_behave.vhd Line: 15
Info (12021): Found 1 design units, including 1 entities, in source file /u/home/stud/flxbrggr/dev/HDS/RISCV/RISCV_lib/hdl/alu_entity.vhd
    Info (12023): Found entity 1: ALU File: /u/home/stud/flxbrggr/dev/HDS/RISCV/RISCV_lib/hdl/alu_entity.vhd Line: 17
Info (12021): Found 1 design units, including 0 entities, in source file /u/home/stud/flxbrggr/dev/HDS/RISCV/RISCV_lib/hdl/ALU_behave.vhd
    Info (12022): Found design unit 1: ALU-behave File: /u/home/stud/flxbrggr/dev/HDS/RISCV/RISCV_lib/hdl/ALU_behave.vhd Line: 10
Info (12021): Found 1 design units, including 1 entities, in source file /u/home/stud/flxbrggr/dev/HDS/RISCV/RISCV_lib/hdl/ex_reg_entity.vhd
    Info (12023): Found entity 1: ex_reg File: /u/home/stud/flxbrggr/dev/HDS/RISCV/RISCV_lib/hdl/ex_reg_entity.vhd Line: 17
Info (12021): Found 1 design units, including 0 entities, in source file /u/home/stud/flxbrggr/dev/HDS/RISCV/RISCV_lib/hdl/ex_reg_behave.vhd
    Info (12022): Found design unit 1: ex_reg-behave File: /u/home/stud/flxbrggr/dev/HDS/RISCV/RISCV_lib/hdl/ex_reg_behave.vhd Line: 10
Info (12021): Found 1 design units, including 1 entities, in source file /u/home/stud/flxbrggr/dev/HDS/RISCV/RISCV_lib/hdl/imm_gen_entity.vhd
    Info (12023): Found entity 1: Imm_Gen File: /u/home/stud/flxbrggr/dev/HDS/RISCV/RISCV_lib/hdl/imm_gen_entity.vhd Line: 17
Info (12021): Found 1 design units, including 0 entities, in source file /u/home/stud/flxbrggr/dev/HDS/RISCV/RISCV_lib/hdl/Imm_Gen_behave.vhd
    Info (12022): Found design unit 1: Imm_Gen-behave File: /u/home/stud/flxbrggr/dev/HDS/RISCV/RISCV_lib/hdl/Imm_Gen_behave.vhd Line: 10
Info (12021): Found 1 design units, including 0 entities, in source file /u/home/stud/flxbrggr/dev/HDS/RISCV/RISCV_lib/hdl/riscv_struct.vhd
    Info (12022): Found design unit 1: riscv-struct File: /u/home/stud/flxbrggr/dev/HDS/RISCV/RISCV_lib/hdl/riscv_struct.vhd Line: 19
Info (12021): Found 1 design units, including 1 entities, in source file /u/home/stud/flxbrggr/dev/HDS/RISCV/RISCV_lib/hdl/clk_res_gen_entity.vhd
    Info (12023): Found entity 1: clk_res_gen File: /u/home/stud/flxbrggr/dev/HDS/RISCV/RISCV_lib/hdl/clk_res_gen_entity.vhd Line: 15
Info (12021): Found 1 design units, including 0 entities, in source file /u/home/stud/flxbrggr/dev/HDS/RISCV/RISCV_lib/hdl/clk_res_gen_behav.vhd
    Info (12022): Found design unit 1: clk_res_gen-behav File: /u/home/stud/flxbrggr/dev/HDS/RISCV/RISCV_lib/hdl/clk_res_gen_behav.vhd Line: 10
Info (12021): Found 1 design units, including 0 entities, in source file /u/home/stud/flxbrggr/dev/HDS/RISCV/RISCV_lib/hdl/riscv_tb_struct.vhd
    Info (12022): Found design unit 1: RISCV_tb-struct File: /u/home/stud/flxbrggr/dev/HDS/RISCV/RISCV_lib/hdl/riscv_tb_struct.vhd Line: 17
Error (10309): VHDL Interface Declaration error in Memory_behav.vhd(36): interface object "me_load_data" of mode out cannot be read. Change object mode to buffer. File: /u/home/stud/flxbrggr/dev/HDS/RISCV/RISCV_lib/hdl/Memory_behav.vhd Line: 36
Error: Quartus Prime Analysis & Synthesis was unsuccessful. 1 error, 1 warning
    Error: Peak virtual memory: 969 megabytes
    Error: Processing ended: Tue Jul  5 16:36:47 2022
    Error: Elapsed time: 00:00:09
    Error: Total CPU time (on all processors): 00:00:17


