Flow report for riscv
Tue Jul  5 17:27:33 2022
Quartus Prime Version 19.1.0 Build 670 09/22/2019 SJ Standard Edition


---------------------
; Table of Contents ;
---------------------
  1. Legal Notice
  2. Flow Summary
  3. Flow Settings
  4. Flow Non-Default Global Settings
  5. Flow Elapsed Time
  6. Flow OS Summary
  7. Flow Log
  8. Flow Messages
  9. Flow Suppressed Messages



----------------
; Legal Notice ;
----------------
Copyright (C) 2019  Intel Corporation. All rights reserved.
Your use of Intel Corporation's design tools, logic functions 
and other software and tools, and any partner logic 
functions, and any output files from any of the foregoing 
(including device programming or simulation files), and any 
associated documentation or information are expressly subject 
to the terms and conditions of the Intel Program License 
Subscription Agreement, the Intel Quartus Prime License Agreement,
the Intel FPGA IP License Agreement, or other applicable license
agreement, including, without limitation, that your use is for
the sole purpose of programming logic devices manufactured by
Intel and sold by Intel or its authorized distributors.  Please
refer to the applicable agreement for further details, at
https://fpgasoftware.intel.com/eula.



+-----------------------------------------------------------------------------------+
; Flow Summary                                                                      ;
+---------------------------------+-------------------------------------------------+
; Flow Status                     ; Successful - Tue Jul  5 17:26:22 2022           ;
; Quartus Prime Version           ; 19.1.0 Build 670 09/22/2019 SJ Standard Edition ;
; Revision Name                   ; riscv                                           ;
; Top-level Entity Name           ; riscv                                           ;
; Family                          ; Cyclone V                                       ;
; Device                          ; 5CGXFC5C6F27C7                                  ;
; Timing Models                   ; Final                                           ;
; Logic utilization (in ALMs)     ; 15,779 / 29,080 ( 54 % )                        ;
; Total registers                 ; 9028                                            ;
; Total pins                      ; 30 / 364 ( 8 % )                                ;
; Total virtual pins              ; 0                                               ;
; Total block memory bits         ; 0 / 4,567,040 ( 0 % )                           ;
; Total DSP Blocks                ; 0 / 150 ( 0 % )                                 ;
; Total HSSI RX PCSs              ; 0 / 6 ( 0 % )                                   ;
; Total HSSI PMA RX Deserializers ; 0 / 6 ( 0 % )                                   ;
; Total HSSI TX PCSs              ; 0 / 6 ( 0 % )                                   ;
; Total HSSI PMA TX Serializers   ; 0 / 6 ( 0 % )                                   ;
; Total PLLs                      ; 0 / 12 ( 0 % )                                  ;
; Total DLLs                      ; 0 / 4 ( 0 % )                                   ;
+---------------------------------+-------------------------------------------------+


+-----------------------------------------+
; Flow Settings                           ;
+-------------------+---------------------+
; Option            ; Setting             ;
+-------------------+---------------------+
; Start date & time ; 07/05/2022 17:15:54 ;
; Main task         ; Compilation         ;
; Revision Name     ; riscv               ;
+-------------------+---------------------+


+-------------------------------------------------------------------------------------------------------------------------+
; Flow Non-Default Global Settings                                                                                        ;
+-------------------------------------+----------------------------------------+---------------+-------------+------------+
; Assignment Name                     ; Value                                  ; Default Value ; Entity Name ; Section Id ;
+-------------------------------------+----------------------------------------+---------------+-------------+------------+
; COMPILER_SIGNATURE_ID               ; 163580568610617.165703415329308        ; --            ; --          ; --         ;
; FMAX_REQUIREMENT                    ; 50 MHz                                 ; --            ; --          ; --         ;
; MAX_CORE_JUNCTION_TEMP              ; 85                                     ; --            ; --          ; --         ;
; MIN_CORE_JUNCTION_TEMP              ; 0                                      ; --            ; --          ; --         ;
; PARTITION_COLOR                     ; -- (Not supported for targeted family) ; --            ; --          ; Top        ;
; PARTITION_FITTER_PRESERVATION_LEVEL ; -- (Not supported for targeted family) ; --            ; --          ; Top        ;
; PARTITION_NETLIST_TYPE              ; -- (Not supported for targeted family) ; --            ; --          ; Top        ;
; POWER_BOARD_THERMAL_MODEL           ; None (CONSERVATIVE)                    ; --            ; --          ; --         ;
; POWER_PRESET_COOLING_SOLUTION       ; 23 MM HEAT SINK WITH 200 LFPM AIRFLOW  ; --            ; --          ; --         ;
; VHDL_INPUT_VERSION                  ; VHDL_2008                              ; VHDL_1993     ; --          ; --         ;
; VHDL_SHOW_LMF_MAPPING_MESSAGES      ; Off                                    ; --            ; --          ; --         ;
+-------------------------------------+----------------------------------------+---------------+-------------+------------+


+--------------------------------------------------------------------------------------------------------------------------+
; Flow Elapsed Time                                                                                                        ;
+----------------------+--------------+-------------------------+---------------------+------------------------------------+
; Module Name          ; Elapsed Time ; Average Processors Used ; Peak Virtual Memory ; Total CPU Time (on all processors) ;
+----------------------+--------------+-------------------------+---------------------+------------------------------------+
; Analysis & Synthesis ; 00:00:42     ; 1.2                     ; 1156 MB             ; 00:00:56                           ;
; Fitter               ; 00:09:23     ; 1.1                     ; 2324 MB             ; 00:17:08                           ;
; Assembler            ; 00:00:14     ; 1.0                     ; 1121 MB             ; 00:00:13                           ;
; Timing Analyzer      ; 00:01:10     ; 1.8                     ; 1578 MB             ; 00:02:02                           ;
; Total                ; 00:11:29     ; --                      ; --                  ; 00:20:19                           ;
+----------------------+--------------+-------------------------+---------------------+------------------------------------+


+------------------------------------------------------------------------------------------+
; Flow OS Summary                                                                          ;
+----------------------+------------------+------------------+------------+----------------+
; Module Name          ; Machine Hostname ; OS Name          ; OS Version ; Processor type ;
+----------------------+------------------+------------------+------------+----------------+
; Analysis & Synthesis ; pc084            ; Debian GNU/Linux ; 11         ; x86_64         ;
; Fitter               ; pc084            ; Debian GNU/Linux ; 11         ; x86_64         ;
; Assembler            ; pc084            ; Debian GNU/Linux ; 11         ; x86_64         ;
; Timing Analyzer      ; pc084            ; Debian GNU/Linux ; 11         ; x86_64         ;
+----------------------+------------------+------------------+------------+----------------+


------------
; Flow Log ;
------------
quartus_map --read_settings_files=on --write_settings_files=off riscv -c riscv
quartus_fit --read_settings_files=off --write_settings_files=off riscv -c riscv
quartus_asm --read_settings_files=off --write_settings_files=off riscv -c riscv
quartus_sta riscv -c riscv



